2025-05-14 19:50:28,962 - INFO - Logging to output/20250514_195028/training_20250514_195028.log
2025-05-14 19:50:28,963 - INFO - Starting training
2025-05-14 19:50:28,966 - INFO - Loaded 1 real sessions
2025-05-14 19:50:29,723 - INFO - Generated 1000 synthetic sessions
2025-05-14 19:50:29,761 - INFO - Created dataset with 21586 training pairs
2025-05-14 19:50:29,761 - INFO - Created dataloaders:
2025-05-14 19:50:29,761 - INFO -   - Training set: 17268 samples
2025-05-14 19:50:29,761 - INFO -   - Validation set: 4318 samples
2025-05-14 19:50:45,821 - ERROR - Error in training: shape '[32, 3, -1]' is invalid for input of size 64
2025-05-14 19:50:45,822 - ERROR - Stack trace:
2025-05-14 19:50:45,825 - ERROR - Traceback (most recent call last):
  File "/Users/koerner/Projects/mosafungalaganti/correlator/run_training.py", line 239, in main
    model, loss_history = train_e3nn_correlator(
  File "/Users/koerner/Projects/mosafungalaganti/correlator/e3nn_correlator_network.py", line 369, in train_e3nn_correlator
    pred_2d, pred_transform = model(x_3d)
  File "/Users/koerner/Projects/mosafungalaganti/correlator/env/lib/python3.9/site-packages/torch/nn/modules/module.py", line 1751, in _wrapped_call_impl
    return self._call_impl(*args, **kwargs)
  File "/Users/koerner/Projects/mosafungalaganti/correlator/env/lib/python3.9/site-packages/torch/nn/modules/module.py", line 1762, in _call_impl
    return forward_call(*args, **kwargs)
  File "/Users/koerner/Projects/mosafungalaganti/correlator/e3nn_correlator_network.py", line 132, in forward
    coords_2d = coord_features.reshape(batch_size, num_fiducials, -1)  # Let PyTorch infer the last dimension
RuntimeError: shape '[32, 3, -1]' is invalid for input of size 64

